# JRE version: Java(TM) SE Runtime Environment (8.0_191-b12) (build 1.8.0_191-b12)
# Java VM: Java HotSpot(TM) Client VM (25.191-b12 mixed mode windows-x86 )
Heap:
 def new generation   total 126016K, used 7554K [0x05000000, 0x0d8b0000, 0x0faa0000)
  eden space 112064K,   6% used [0x05000000, 0x05760bf8, 0x0bd70000)
  from space 13952K,   0% used [0x0bd70000, 0x0bd70000, 0x0cb10000)
  to   space 13952K,   0% used [0x0cb10000, 0x0cb10000, 0x0d8b0000)
 tenured generation   total 279816K, used 99880K [0x0faa0000, 0x20be2000, 0x25000000)
   the space 279816K,  35% used [0x0faa0000, 0x15c2a2c8, 0x15c2a400, 0x20be2000)
 Metaspace       used 21938K, capacity 22470K, committed 22656K, reserved 22912K
GC Heap History (10 events):
Event: 83.568 GC heap before
{Heap before GC invocations=12 (full 2):
 def new generation   total 71296K, used 61629K [0x05000000, 0x09d50000, 0x0faa0000)
  eden space 63424K,  97% used [0x05000000, 0x08c2f400, 0x08df0000)
  from space 7872K,   0% used [0x08df0000, 0x08df0000, 0x095a0000)
  to   space 7872K,   0% used [0x095a0000, 0x095a0000, 0x09d50000)
 tenured generation   total 158140K, used 94882K [0x0faa0000, 0x1950f000, 0x25000000)
   the space 158140K,  59% used [0x0faa0000, 0x15748908, 0x15748a00, 0x1950f000)
 Metaspace       used 20947K, capacity 21477K, committed 21504K, reserved 21888K
Event: 83.589 GC heap after
Heap after GC invocations=13 (full 2):
 def new generation   total 71296K, used 2832K [0x05000000, 0x09d50000, 0x0faa0000)
  eden space 63424K,   0% used [0x05000000, 0x05000000, 0x08df0000)
  from space 7872K,  35% used [0x095a0000, 0x09864150, 0x09d50000)
  to   space 7872K,   0% used [0x08df0000, 0x08df0000, 0x095a0000)
 tenured generation   total 158140K, used 102906K [0x0faa0000, 0x1950f000, 0x25000000)
   the space 158140K,  65% used [0x0faa0000, 0x15f1e918, 0x15f1ea00, 0x1950f000)
 Metaspace       used 20947K, capacity 21477K, committed 21504K, reserved 21888K
}
Event: 83.672 GC heap before
{Heap before GC invocations=13 (full 2):
 def new generation   total 71296K, used 52127K [0x05000000, 0x09d50000, 0x0faa0000)
  eden space 63424K,  77% used [0x05000000, 0x08023e50, 0x08df0000)
  from space 7872K,  35% used [0x095a0000, 0x09864150, 0x09d50000)
  to   space 7872K,   0% used [0x08df0000, 0x08df0000, 0x095a0000)
 tenured generation   total 158140K, used 102906K [0x0faa0000, 0x1950f000, 0x25000000)
   the space 158140K,  65% used [0x0faa0000, 0x15f1e918, 0x15f1ea00, 0x1950f000)
 Metaspace       used 20947K, capacity 21477K, committed 21504K, reserved 21888K
Event: 83.944 GC heap after
Heap after GC invocations=14 (full 3):
 def new generation   total 97152K, used 0K [0x05000000, 0x0b960000, 0x0faa0000)
  eden space 86400K,   0% used [0x05000000, 0x05000000, 0x0a460000)
  from space 10752K,   0% used [0x0a460000, 0x0a460000, 0x0aee0000)
  to   space 10752K,   0% used [0x0aee0000, 0x0aee0000, 0x0b960000)
 tenured generation   total 215620K, used 129369K [0x0faa0000, 0x1cd31000, 0x25000000)
   the space 215620K,  59% used [0x0faa0000, 0x178f66e0, 0x178f6800, 0x1cd31000)
 Metaspace       used 20947K, capacity 21477K, committed 21504K, reserved 21888K
}
Event: 84.005 GC heap before
{Heap before GC invocations=14 (full 3):
 def new generation   total 97152K, used 64833K [0x05000000, 0x0b960000, 0x0faa0000)
  eden space 86400K,  75% used [0x05000000, 0x08f504c0, 0x0a460000)
  from space 10752K,   0% used [0x0a460000, 0x0a460000, 0x0aee0000)
  to   space 10752K,   0% used [0x0aee0000, 0x0aee0000, 0x0b960000)
 tenured generation   total 215620K, used 162196K [0x0faa0000, 0x1cd31000, 0x25000000)
   the space 215620K,  75% used [0x0faa0000, 0x19905260, 0x19905400, 0x1cd31000)
 Metaspace       used 20947K, capacity 21477K, committed 21504K, reserved 21888K
Event: 84.082 GC heap after
Heap after GC invocations=15 (full 3):
 def new generation   total 97152K, used 1K [0x05000000, 0x0b960000, 0x0faa0000)
  eden space 86400K,   0% used [0x05000000, 0x05000000, 0x0a460000)
  from space 10752K,   0% used [0x0aee0000, 0x0aee0778, 0x0b960000)
  to   space 10752K,   0% used [0x0a460000, 0x0a460000, 0x0aee0000)
 tenured generation   total 279816K, used 226388K [0x0faa0000, 0x20be2000, 0x25000000)
   the space 279816K,  80% used [0x0faa0000, 0x1d7b5270, 0x1d7b5400, 0x20be2000)
 Metaspace       used 20947K, capacity 21477K, committed 21504K, reserved 21888K
}
Event: 89.010 GC heap before
{Heap before GC invocations=15 (full 3):
 def new generation   total 97152K, used 86401K [0x05000000, 0x0b960000, 0x0faa0000)
  eden space 86400K, 100% used [0x05000000, 0x0a460000, 0x0a460000)
  from space 10752K,   0% used [0x0aee0000, 0x0aee0778, 0x0b960000)
  to   space 10752K,   0% used [0x0a460000, 0x0a460000, 0x0aee0000)
 tenured generation   total 279816K, used 226388K [0x0faa0000, 0x20be2000, 0x25000000)
   the space 279816K,  80% used [0x0faa0000, 0x1d7b5270, 0x1d7b5400, 0x20be2000)
 Metaspace       used 21490K, capacity 22046K, committed 22144K, reserved 22912K
Event: 89.227 GC heap after
Heap after GC invocations=16 (full 3):
 def new generation   total 97152K, used 10752K [0x05000000, 0x0b960000, 0x0faa0000)
  eden space 86400K,   0% used [0x05000000, 0x05000000, 0x0a460000)
  from space 10752K, 100% used [0x0a460000, 0x0aee0000, 0x0aee0000)
  to   space 10752K,   0% used [0x0aee0000, 0x0aee0000, 0x0b960000)
 tenured generation   total 279816K, used 275562K [0x0faa0000, 0x20be2000, 0x25000000)
   the space 279816K,  98% used [0x0faa0000, 0x207baae0, 0x207bac00, 0x20be2000)
 Metaspace       used 21490K, capacity 22046K, committed 22144K, reserved 22912K
}
Event: 241.108 GC heap before
{Heap before GC invocations=16 (full 3):
 def new generation   total 97152K, used 92714K [0x05000000, 0x0b960000, 0x0faa0000)
  eden space 86400K,  94% used [0x05000000, 0x0a00ab20, 0x0a460000)
  from space 10752K, 100% used [0x0a460000, 0x0aee0000, 0x0aee0000)
  to   space 10752K,   0% used [0x0aee0000, 0x0aee0000, 0x0b960000)
 tenured generation   total 279816K, used 275562K [0x0faa0000, 0x20be2000, 0x25000000)
   the space 279816K,  98% used [0x0faa0000, 0x207baae0, 0x207bac00, 0x20be2000)
 Metaspace       used 22009K, capacity 22578K, committed 22656K, reserved 22912K
Event: 241.544 GC heap after
Heap after GC invocations=17 (full 4):
 def new generation   total 126016K, used 0K [0x05000000, 0x0d8b0000, 0x0faa0000)
  eden space 112064K,   0% used [0x05000000, 0x05000000, 0x0bd70000)
  from space 13952K,   0% used [0x0bd70000, 0x0bd70000, 0x0cb10000)
  to   space 13952K,   0% used [0x0cb10000, 0x0cb10000, 0x0d8b0000)
 tenured generation   total 279816K, used 99880K [0x0faa0000, 0x20be2000, 0x25000000)
   the space 279816K,  35% used [0x0faa0000, 0x15c2a2c8, 0x15c2a400, 0x20be2000)
 Metaspace       used 21938K, capacity 22470K, committed 22656K, reserved 22912K
}

